{"numFailedTestSuites":0,"numFailedTests":0,"numPassedTestSuites":1,"numPassedTests":9,"numPendingTestSuites":0,"numPendingTests":0,"numRuntimeErrorTestSuites":0,"numTodoTests":0,"numTotalTestSuites":1,"numTotalTests":9,"openHandles":[],"snapshot":{"added":0,"didUpdate":false,"failure":false,"filesAdded":0,"filesRemoved":0,"filesRemovedList":[],"filesUnmatched":0,"filesUpdated":0,"matched":0,"total":0,"unchecked":0,"uncheckedKeysByFile":[],"unmatched":0,"updated":0},"startTime":1777195770127,"success":true,"testResults":[{"assertionResults":[{"ancestorTitles":["Seller LoginPage"],"duration":58,"failing":false,"failureDetails":[],"failureMessages":[],"fullName":"Seller LoginPage renders login page with connect button","invocations":1,"location":null,"numPassingAsserts":3,"retryReasons":[],"startAt":1777195771101,"status":"passed","title":"renders login page with connect button"},{"ancestorTitles":["Seller LoginPage"],"duration":16,"failing":false,"failureDetails":[],"failureMessages":[],"fullName":"Seller LoginPage shows error if xumm is not initialized when clicking connect","invocations":1,"location":null,"numPassingAsserts":1,"retryReasons":[],"startAt":1777195771160,"status":"passed","title":"shows error if xumm is not initialized when clicking connect"},{"ancestorTitles":["Seller LoginPage"],"duration":79,"failing":false,"failureDetails":[],"failureMessages":[],"fullName":"Seller LoginPage triggers Xaman login process on button click","invocations":1,"location":null,"numPassingAsserts":4,"retryReasons":[],"startAt":1777195771177,"status":"passed","title":"triggers Xaman login process on button click"},{"ancestorTitles":["Seller LoginPage"],"duration":48,"failing":false,"failureDetails":[],"failureMessages":[],"fullName":"Seller LoginPage handles Xaman login error","invocations":1,"location":null,"numPassingAsserts":2,"retryReasons":[],"startAt":1777195771256,"status":"passed","title":"handles Xaman login error"},{"ancestorTitles":["Seller LoginPage"],"duration":45,"failing":false,"failureDetails":[],"failureMessages":[],"fullName":"Seller LoginPage registers with backend when Xaman success event fires and navigates to KYC","invocations":1,"location":null,"numPassingAsserts":5,"retryReasons":[],"startAt":1777195771304,"status":"passed","title":"registers with backend when Xaman success event fires and navigates to KYC"},{"ancestorTitles":["Seller LoginPage"],"duration":29,"failing":false,"failureDetails":[],"failureMessages":[],"fullName":"Seller LoginPage redirects to dashboard when KYC is APPROVED","invocations":1,"location":null,"numPassingAsserts":1,"retryReasons":[],"startAt":1777195771350,"status":"passed","title":"redirects to dashboard when KYC is APPROVED"},{"ancestorTitles":["Seller LoginPage"],"duration":30,"failing":false,"failureDetails":[],"failureMessages":[],"fullName":"Seller LoginPage handles backend registration failure correctly","invocations":1,"location":null,"numPassingAsserts":2,"retryReasons":[],"startAt":1777195771380,"status":"passed","title":"handles backend registration failure correctly"},{"ancestorTitles":["Seller LoginPage"],"duration":3,"failing":false,"failureDetails":[],"failureMessages":[],"fullName":"Seller LoginPage handles missing account from Xaman nicely","invocations":1,"location":null,"numPassingAsserts":1,"retryReasons":[],"startAt":1777195771411,"status":"passed","title":"handles missing account from Xaman nicely"},{"ancestorTitles":["Seller LoginPage"],"duration":3,"failing":false,"failureDetails":[],"failureMessages":[],"fullName":"Seller LoginPage cleans up Xaman listeners on unmount","invocations":1,"location":null,"numPassingAsserts":2,"retryReasons":[],"startAt":1777195771415,"status":"passed","title":"cleans up Xaman listeners on unmount"}],"endTime":1777195771421,"message":"","name":"D:\\repo folders\\parkchain\\web\\__tests__\\seller\\login\\LoginPage.test.tsx","startTime":1777195770665,"status":"passed","summary":""}],"wasInterrupted":false}
